"sprites/green_sliderUp.png" = "sprites/kenney-ui-pack/green_sliderUp.png"
"sprites/yellow_button01.png" = "sprites/kenney-ui-pack/yellow_button01.png"
"sprites/grey_panel.png" = "sprites/kenney-ui-pack/grey_panel.png"
"sprites/red_sliderUp.png" = "sprites/kenney-ui-pack/red_sliderUp.png"
"sprites/red_button11.png" = "sprites/kenney-ui-pack/red_button11.png"
"sprites/blue_sliderRight.png" = "sprites/kenney-ui-pack/blue_sliderRight.png"
"sprites/yellow_button08.png" = "sprites/kenney-ui-pack/yellow_button08.png"
"sprites/green_button07.png" = "sprites/kenney-ui-pack/green_button07.png"
"sprites/red_sliderRight.png" = "sprites/kenney-ui-pack/red_sliderRight.png"
"sprites/grey_button02.png" = "sprites/kenney-ui-pack/grey_button02.png"
"sprites/yellow_boxTick.png" = "sprites/kenney-ui-pack/yellow_boxTick.png"
"sprites/green_tick.png" = "sprites/kenney-ui-pack/green_tick.png"
"sprites/red_button10.png" = "sprites/kenney-ui-pack/red_button10.png"
"sprites/grey_arrowDownGrey.png" = "sprites/kenney-ui-pack/grey_arrowDownGrey.png"
"sprites/grey_button09.png" = "sprites/kenney-ui-pack/grey_button09.png"
"sprites/blue_button09.png" = "sprites/kenney-ui-pack/blue_button09.png"
"sprites/blue_boxTick.png" = "sprites/kenney-ui-pack/blue_boxTick.png"
"sprites/yellow_cross.png" = "sprites/kenney-ui-pack/yellow_cross.png"
"sprites/red_button08.png" = "sprites/kenney-ui-pack/red_button08.png"
"sprites/green_boxTick.png" = "sprites/kenney-ui-pack/green_boxTick.png"
"sprites/green_button02.png" = "sprites/kenney-ui-pack/green_button02.png"
"sprites/green_sliderLeft.png" = "sprites/kenney-ui-pack/green_sliderLeft.png"
"sprites/blue_circle.png" = "sprites/kenney-ui-pack/blue_circle.png"
"sprites/grey_sliderDown.png" = "sprites/kenney-ui-pack/grey_sliderDown.png"
"sprites/grey_tickWhite.png" = "sprites/kenney-ui-pack/grey_tickWhite.png"
"sprites/grey_button11.png" = "sprites/kenney-ui-pack/grey_button11.png"
"sprites/grey_boxCross.png" = "sprites/kenney-ui-pack/grey_boxCross.png"
"sprites/yellow_tick.png" = "sprites/kenney-ui-pack/yellow_tick.png"
"sprites/yellow_button00.png" = "sprites/kenney-ui-pack/yellow_button00.png"
"sprites/red_panel.png" = "sprites/kenney-ui-pack/red_panel.png"
"sprites/green_button13.png" = "sprites/kenney-ui-pack/green_button13.png"
"sprites/yellow_sliderRight.png" = "sprites/kenney-ui-pack/yellow_sliderRight.png"
"sprites/blue_button05.png" = "sprites/kenney-ui-pack/blue_button05.png"
"sprites/grey_boxCheckmark.png" = "sprites/kenney-ui-pack/grey_boxCheckmark.png"
"sprites/red_boxCheckmark.png" = "sprites/kenney-ui-pack/red_boxCheckmark.png"
"sprites/grey_button07.png" = "sprites/kenney-ui-pack/grey_button07.png"
"sprites/red_sliderDown.png" = "sprites/kenney-ui-pack/red_sliderDown.png"
"sprites/green_sliderRight.png" = "sprites/kenney-ui-pack/green_sliderRight.png"
"sprites/grey_sliderLeft.png" = "sprites/kenney-ui-pack/grey_sliderLeft.png"
"sprites/grey_circle.png" = "sprites/kenney-ui-pack/grey_circle.png"
"sprites/green_button09.png" = "sprites/kenney-ui-pack/green_button09.png"
"sprites/grey_button03.png" = "sprites/kenney-ui-pack/grey_button03.png"
"sprites/yellow_button02.png" = "sprites/kenney-ui-pack/yellow_button02.png"
"sprites/grey_button00.png" = "sprites/kenney-ui-pack/grey_button00.png"
"sprites/green_boxCross.png" = "sprites/kenney-ui-pack/green_boxCross.png"
"sprites/yellow_button12.png" = "sprites/kenney-ui-pack/yellow_button12.png"
"sprites/dropdownMid.png" = "sprites/kenney-ui-pack/dropdownMid.png"
"sprites/grey_sliderHorizontal.png" = "sprites/kenney-ui-pack/grey_sliderHorizontal.png"
"sprites/grey_button01.png" = "sprites/kenney-ui-pack/grey_button01.png"
"sprites/grey_sliderUp.png" = "sprites/kenney-ui-pack/grey_sliderUp.png"
"sprites/blue_button11.png" = "sprites/kenney-ui-pack/blue_button11.png"
"sprites/red_button03.png" = "sprites/kenney-ui-pack/red_button03.png"
"sprites/green_button06.png" = "sprites/kenney-ui-pack/green_button06.png"
"sprites/green_button12.png" = "sprites/kenney-ui-pack/green_button12.png"
"sprites/yellow_button10.png" = "sprites/kenney-ui-pack/yellow_button10.png"
"sprites/grey_button14.png" = "sprites/kenney-ui-pack/grey_button14.png"
"sprites/grey_checkmarkWhite.png" = "sprites/kenney-ui-pack/grey_checkmarkWhite.png"
"sprites/dropdownBottom.png" = "sprites/kenney-ui-pack/dropdownBottom.png"
"sprites/blue_boxCross.png" = "sprites/kenney-ui-pack/blue_boxCross.png"
"sprites/red_button06.png" = "sprites/kenney-ui-pack/red_button06.png"
"sprites/grey_button12.png" = "sprites/kenney-ui-pack/grey_button12.png"
"sprites/red_tick.png" = "sprites/kenney-ui-pack/red_tick.png"
"sprites/grey_button13.png" = "sprites/kenney-ui-pack/grey_button13.png"
"sprites/blue_sliderDown.png" = "sprites/kenney-ui-pack/blue_sliderDown.png"
"sprites/green_button01.png" = "sprites/kenney-ui-pack/green_button01.png"
"sprites/red_checkmark.png" = "sprites/kenney-ui-pack/red_checkmark.png"
"sprites/grey_sliderEnd.png" = "sprites/kenney-ui-pack/grey_sliderEnd.png"
"sprites/yellow_button09.png" = "sprites/kenney-ui-pack/yellow_button09.png"
"sprites/red_sliderLeft.png" = "sprites/kenney-ui-pack/red_sliderLeft.png"
"sprites/red_button01.png" = "sprites/kenney-ui-pack/red_button01.png"
"sprites/grey_sliderVertical.png" = "sprites/kenney-ui-pack/grey_sliderVertical.png"
"sprites/green_button03.png" = "sprites/kenney-ui-pack/green_button03.png"
"sprites/blue_button12.png" = "sprites/kenney-ui-pack/blue_button12.png"
"sprites/green_circle.png" = "sprites/kenney-ui-pack/green_circle.png"
"sprites/yellow_button11.png" = "sprites/kenney-ui-pack/yellow_button11.png"
"sprites/green_button04.png" = "sprites/kenney-ui-pack/green_button04.png"
"sprites/grey_arrowDownWhite.png" = "sprites/kenney-ui-pack/grey_arrowDownWhite.png"
"sprites/red_boxCross.png" = "sprites/kenney-ui-pack/red_boxCross.png"
"sprites/yellow_button13.png" = "sprites/kenney-ui-pack/yellow_button13.png"
"sprites/grey_crossWhite.png" = "sprites/kenney-ui-pack/grey_crossWhite.png"
"sprites/yellow_circle.png" = "sprites/kenney-ui-pack/yellow_circle.png"
"sprites/blue_sliderUp.png" = "sprites/kenney-ui-pack/blue_sliderUp.png"
"sprites/grey_box.png" = "sprites/kenney-ui-pack/grey_box.png"
"sprites/green_button08.png" = "sprites/kenney-ui-pack/green_button08.png"
"sprites/blue_button07.png" = "sprites/kenney-ui-pack/blue_button07.png"
"sprites/green_sliderDown.png" = "sprites/kenney-ui-pack/green_sliderDown.png"
"sprites/blue_button10.png" = "sprites/kenney-ui-pack/blue_button10.png"
"sprites/blue_button13.png" = "sprites/kenney-ui-pack/blue_button13.png"
"sprites/yellow_boxCross.png" = "sprites/kenney-ui-pack/yellow_boxCross.png"
"sprites/dropdownTop.png" = "sprites/kenney-ui-pack/dropdownTop.png"
"sprites/blue_cross.png" = "sprites/kenney-ui-pack/blue_cross.png"
"sprites/green_button10.png" = "sprites/kenney-ui-pack/green_button10.png"
"sprites/grey_button04.png" = "sprites/kenney-ui-pack/grey_button04.png"
"sprites/yellow_boxCheckmark.png" = "sprites/kenney-ui-pack/yellow_boxCheckmark.png"
"sprites/green_boxCheckmark.png" = "sprites/kenney-ui-pack/green_boxCheckmark.png"
"sprites/grey_arrowUpGrey.png" = "sprites/kenney-ui-pack/grey_arrowUpGrey.png"
"sprites/green_cross.png" = "sprites/kenney-ui-pack/green_cross.png"
"sprites/grey_button15.png" = "sprites/kenney-ui-pack/grey_button15.png"
"sprites/blue_boxCheckmark.png" = "sprites/kenney-ui-pack/blue_boxCheckmark.png"
"sprites/green_checkmark.png" = "sprites/kenney-ui-pack/green_checkmark.png"
"sprites/yellow_sliderUp.png" = "sprites/kenney-ui-pack/yellow_sliderUp.png"
"sprites/red_boxTick.png" = "sprites/kenney-ui-pack/red_boxTick.png"
"sprites/blue_checkmark.png" = "sprites/kenney-ui-pack/blue_checkmark.png"
"sprites/grey_button10.png" = "sprites/kenney-ui-pack/grey_button10.png"
"sprites/yellow_panel.png" = "sprites/kenney-ui-pack/yellow_panel.png"
"sprites/blue_sliderLeft.png" = "sprites/kenney-ui-pack/blue_sliderLeft.png"
"sprites/green_panel.png" = "sprites/kenney-ui-pack/green_panel.png"
"sprites/grey_boxTick.png" = "sprites/kenney-ui-pack/grey_boxTick.png"
"sprites/red_button05.png" = "sprites/kenney-ui-pack/red_button05.png"
"sprites/yellow_sliderLeft.png" = "sprites/kenney-ui-pack/yellow_sliderLeft.png"
"sprites/blue_panel.png" = "sprites/kenney-ui-pack/blue_panel.png"
"sprites/red_button02.png" = "sprites/kenney-ui-pack/red_button02.png"
"sprites/yellow_sliderDown.png" = "sprites/kenney-ui-pack/yellow_sliderDown.png"
"sprites/red_button00.png" = "sprites/kenney-ui-pack/red_button00.png"
"sprites/yellow_button07.png" = "sprites/kenney-ui-pack/yellow_button07.png"
"sprites/grey_tickGrey.png" = "sprites/kenney-ui-pack/grey_tickGrey.png"
"sprites/grey_checkmarkGrey.png" = "sprites/kenney-ui-pack/grey_checkmarkGrey.png"
"sprites/blue_button03.png" = "sprites/kenney-ui-pack/blue_button03.png"
"sprites/red_button07.png" = "sprites/kenney-ui-pack/red_button07.png"
"sprites/grey_button08.png" = "sprites/kenney-ui-pack/grey_button08.png"
"sprites/blue_button02.png" = "sprites/kenney-ui-pack/blue_button02.png"
"sprites/blue_button06.png" = "sprites/kenney-ui-pack/blue_button06.png"
"sprites/yellow_button03.png" = "sprites/kenney-ui-pack/yellow_button03.png"
"sprites/red_button12.png" = "sprites/kenney-ui-pack/red_button12.png"
"sprites/red_button04.png" = "sprites/kenney-ui-pack/red_button04.png"
"sprites/green_button05.png" = "sprites/kenney-ui-pack/green_button05.png"
"sprites/blue_button04.png" = "sprites/kenney-ui-pack/blue_button04.png"
"sprites/grey_crossGrey.png" = "sprites/kenney-ui-pack/grey_crossGrey.png"
"sprites/red_circle.png" = "sprites/kenney-ui-pack/red_circle.png"
"sprites/red_cross.png" = "sprites/kenney-ui-pack/red_cross.png"
"sprites/blue_button08.png" = "sprites/kenney-ui-pack/blue_button08.png"
"sprites/red_button13.png" = "sprites/kenney-ui-pack/red_button13.png"
"sprites/blue_button00.png" = "sprites/kenney-ui-pack/blue_button00.png"
"sprites/green_button11.png" = "sprites/kenney-ui-pack/green_button11.png"
"sprites/grey_sliderRight.png" = "sprites/kenney-ui-pack/grey_sliderRight.png"
"sprites/yellow_button05.png" = "sprites/kenney-ui-pack/yellow_button05.png"
"sprites/yellow_button06.png" = "sprites/kenney-ui-pack/yellow_button06.png"
"sprites/red_button09.png" = "sprites/kenney-ui-pack/red_button09.png"
"sprites/grey_button05.png" = "sprites/kenney-ui-pack/grey_button05.png"
"sprites/yellow_checkmark.png" = "sprites/kenney-ui-pack/yellow_checkmark.png"
"sprites/grey_button06.png" = "sprites/kenney-ui-pack/grey_button06.png"
"sprites/green_button00.png" = "sprites/kenney-ui-pack/green_button00.png"
"sprites/grey_arrowUpWhite.png" = "sprites/kenney-ui-pack/grey_arrowUpWhite.png"
"sprites/blue_tick.png" = "sprites/kenney-ui-pack/blue_tick.png"
"sprites/yellow_button04.png" = "sprites/kenney-ui-pack/yellow_button04.png"
"sprites/blue_button01.png" = "sprites/kenney-ui-pack/blue_button01.png"
